<?xml version="1.0" encoding="UTF-8"?>
<coverage generated="1776283947941" clover="3.2.0">
  <project timestamp="1776283947941" name="All files">
    <metrics statements="59" coveredstatements="57" conditionals="75" coveredconditionals="60" methods="8" coveredmethods="7" elements="142" coveredelements="124" complexity="0" loc="59" ncloc="59" packages="3" files="4" classes="4"/>
    <package name="src">
      <metrics statements="18" coveredstatements="16" conditionals="27" coveredconditionals="18" methods="5" coveredmethods="4"/>
      <file name="config.js" path="/root/work/whatsapp-assistant/bot/src/config.js">
        <metrics statements="1" coveredstatements="1" conditionals="16" coveredconditionals="8" methods="0" coveredmethods="0"/>
        <line num="3" count="3" type="stmt"/>
      </file>
      <file name="db.js" path="/root/work/whatsapp-assistant/bot/src/db.js">
        <metrics statements="17" coveredstatements="15" conditionals="11" coveredconditionals="10" methods="5" coveredmethods="4"/>
        <line num="5" count="2" type="stmt"/>
        <line num="12" count="6" type="cond" truecount="2" falsecount="0"/>
        <line num="13" count="1" type="stmt"/>
        <line num="14" count="1" type="stmt"/>
        <line num="16" count="6" type="stmt"/>
        <line num="25" count="2" type="stmt"/>
        <line num="26" count="2" type="stmt"/>
        <line num="30" count="2" type="cond" truecount="2" falsecount="0"/>
        <line num="39" count="2" type="stmt"/>
        <line num="40" count="2" type="stmt"/>
        <line num="44" count="2" type="stmt"/>
        <line num="60" count="2" type="stmt"/>
        <line num="69" count="2" type="stmt"/>
        <line num="71" count="2" type="stmt"/>
        <line num="77" count="2" type="stmt"/>
        <line num="85" count="0" type="stmt"/>
        <line num="86" count="0" type="stmt"/>
      </file>
    </package>
    <package name="src.handlers">
      <metrics statements="40" coveredstatements="40" conditionals="46" coveredconditionals="41" methods="3" coveredmethods="3"/>
      <file name="messageHandler.js" path="/root/work/whatsapp-assistant/bot/src/handlers/messageHandler.js">
        <metrics statements="40" coveredstatements="40" conditionals="46" coveredconditionals="41" methods="3" coveredmethods="3"/>
        <line num="10" count="15" type="stmt"/>
        <line num="11" count="15" type="cond" truecount="2" falsecount="0"/>
        <line num="13" count="14" type="cond" truecount="2" falsecount="0"/>
        <line num="14" count="9" type="cond" truecount="2" falsecount="0"/>
        <line num="15" count="8" type="cond" truecount="2" falsecount="0"/>
        <line num="16" count="7" type="cond" truecount="2" falsecount="0"/>
        <line num="17" count="6" type="cond" truecount="1" falsecount="1"/>
        <line num="18" count="6" type="cond" truecount="2" falsecount="0"/>
        <line num="19" count="5" type="cond" truecount="2" falsecount="0"/>
        <line num="20" count="4" type="cond" truecount="2" falsecount="0"/>
        <line num="21" count="3" type="cond" truecount="2" falsecount="0"/>
        <line num="22" count="2" type="cond" truecount="3" falsecount="1"/>
        <line num="24" count="1" type="stmt"/>
        <line num="34" count="6" type="cond" truecount="2" falsecount="0"/>
        <line num="37" count="5" type="cond" truecount="2" falsecount="0"/>
        <line num="39" count="4" type="stmt"/>
        <line num="40" count="4" type="stmt"/>
        <line num="41" count="4" type="cond" truecount="2" falsecount="0"/>
        <line num="44" count="4" type="cond" truecount="2" falsecount="0"/>
        <line num="46" count="4" type="stmt"/>
        <line num="48" count="4" type="stmt"/>
        <line num="51" count="4" type="stmt"/>
        <line num="59" count="4" type="cond" truecount="4" falsecount="0"/>
        <line num="60" count="1" type="stmt"/>
        <line num="61" count="1" type="stmt"/>
        <line num="70" count="1" type="stmt"/>
        <line num="74" count="3" type="stmt"/>
        <line num="76" count="3" type="stmt"/>
        <line num="77" count="3" type="stmt"/>
        <line num="79" count="3" type="cond" truecount="4" falsecount="0"/>
        <line num="80" count="2" type="cond" truecount="1" falsecount="1"/>
        <line num="83" count="2" type="cond" truecount="1" falsecount="1"/>
        <line num="84" count="2" type="stmt"/>
        <line num="86" count="2" type="stmt"/>
        <line num="87" count="2" type="stmt"/>
        <line num="88" count="1" type="stmt"/>
        <line num="89" count="1" type="stmt"/>
        <line num="91" count="1" type="stmt"/>
        <line num="94" count="1" type="stmt"/>
        <line num="98" count="3" type="stmt"/>
      </file>
    </package>
    <package name="src.utils">
      <metrics statements="1" coveredstatements="1" conditionals="2" coveredconditionals="1" methods="0" coveredmethods="0"/>
      <file name="logger.js" path="/root/work/whatsapp-assistant/bot/src/utils/logger.js">
        <metrics statements="1" coveredstatements="1" conditionals="2" coveredconditionals="1" methods="0" coveredmethods="0"/>
        <line num="4" count="2" type="stmt"/>
      </file>
    </package>
  </project>
</coverage>
