{"/root/work/whatsapp-assistant/bot/src/config.js": {"path":"/root/work/whatsapp-assistant/bot/src/config.js","statementMap":{"0":{"start":{"line":3,"column":22},"end":{"line":21,"column":1}}},"fnMap":{},"branchMap":{"0":{"loc":{"start":{"line":5,"column":14},"end":{"line":5,"column":52}},"type":"binary-expr","locations":[{"start":{"line":5,"column":14},"end":{"line":5,"column":33}},{"start":{"line":5,"column":41},"end":{"line":5,"column":52}}],"line":5},"1":{"loc":{"start":{"line":6,"column":23},"end":{"line":6,"column":52}},"type":"binary-expr","locations":[{"start":{"line":6,"column":23},"end":{"line":6,"column":42}},{"start":{"line":6,"column":46},"end":{"line":6,"column":52}}],"line":6},"2":{"loc":{"start":{"line":7,"column":14},"end":{"line":7,"column":47}},"type":"binary-expr","locations":[{"start":{"line":7,"column":14},"end":{"line":7,"column":33}},{"start":{"line":7,"column":41},"end":{"line":7,"column":47}}],"line":7},"3":{"loc":{"start":{"line":8,"column":14},"end":{"line":8,"column":43}},"type":"binary-expr","locations":[{"start":{"line":8,"column":14},"end":{"line":8,"column":37}},{"start":{"line":8,"column":41},"end":{"line":8,"column":43}}],"line":8},"4":{"loc":{"start":{"line":9,"column":14},"end":{"line":9,"column":48}},"type":"binary-expr","locations":[{"start":{"line":9,"column":14},"end":{"line":9,"column":33}},{"start":{"line":9,"column":41},"end":{"line":9,"column":48}}],"line":9},"5":{"loc":{"start":{"line":16,"column":23},"end":{"line":16,"column":53}},"type":"binary-expr","locations":[{"start":{"line":16,"column":23},"end":{"line":16,"column":43}},{"start":{"line":16,"column":47},"end":{"line":16,"column":53}}],"line":16},"6":{"loc":{"start":{"line":18,"column":14},"end":{"line":18,"column":45}},"type":"binary-expr","locations":[{"start":{"line":18,"column":14},"end":{"line":18,"column":35}},{"start":{"line":18,"column":39},"end":{"line":18,"column":45}}],"line":18},"7":{"loc":{"start":{"line":20,"column":7},"end":{"line":20,"column":44}},"type":"binary-expr","locations":[{"start":{"line":20,"column":7},"end":{"line":20,"column":27}},{"start":{"line":20,"column":31},"end":{"line":20,"column":44}}],"line":20}},"s":{"0":3},"f":{},"b":{"0":[3,0],"1":[3,0],"2":[3,0],"3":[3,0],"4":[3,0],"5":[3,0],"6":[3,0],"7":[3,0]},"inputSourceMap":null,"_coverageSchema":"1a1c01bbd47fc00a2c39e90264f33305004495a9","hash":"f13a55615329d9750d012c78d2e991029664e0ee"}
,"/root/work/whatsapp-assistant/bot/src/db.js": {"path":"/root/work/whatsapp-assistant/bot/src/db.js","statementMap":{"0":{"start":{"line":5,"column":11},"end":{"line":5,"column":15}},"1":{"start":{"line":12,"column":2},"end":{"line":15,"column":3}},"2":{"start":{"line":13,"column":4},"end":{"line":13,"column":39}},"3":{"start":{"line":14,"column":4},"end":{"line":14,"column":37}},"4":{"start":{"line":16,"column":2},"end":{"line":16,"column":14}},"5":{"start":{"line":25,"column":13},"end":{"line":25,"column":22}},"6":{"start":{"line":26,"column":17},"end":{"line":29,"column":3}},"7":{"start":{"line":30,"column":2},"end":{"line":30,"column":48}},"8":{"start":{"line":39,"column":13},"end":{"line":39,"column":22}},"9":{"start":{"line":40,"column":17},"end":{"line":43,"column":3}},"10":{"start":{"line":44,"column":2},"end":{"line":44,"column":25}},"11":{"start":{"line":60,"column":13},"end":{"line":60,"column":22}},"12":{"start":{"line":69,"column":6},"end":{"line":69,"column":13}},"13":{"start":{"line":71,"column":19},"end":{"line":76,"column":3}},"14":{"start":{"line":77,"column":2},"end":{"line":77,"column":25}},"15":{"start":{"line":85,"column":13},"end":{"line":85,"column":22}},"16":{"start":{"line":86,"column":2},"end":{"line":89,"column":4}}},"fnMap":{"0":{"name":"getPool","decl":{"start":{"line":11,"column":16},"end":{"line":11,"column":23}},"loc":{"start":{"line":11,"column":26},"end":{"line":17,"column":1}},"line":11},"1":{"name":"getSetting","decl":{"start":{"line":24,"column":22},"end":{"line":24,"column":32}},"loc":{"start":{"line":24,"column":38},"end":{"line":31,"column":1}},"line":24},"2":{"name":"isAllowedNumber","decl":{"start":{"line":38,"column":22},"end":{"line":38,"column":37}},"loc":{"start":{"line":38,"column":51},"end":{"line":45,"column":1}},"line":38},"3":{"name":"saveMessageLog","decl":{"start":{"line":59,"column":22},"end":{"line":59,"column":36}},"loc":{"start":{"line":59,"column":46},"end":{"line":78,"column":1}},"line":59},"4":{"name":"updateBotStatus","decl":{"start":{"line":84,"column":22},"end":{"line":84,"column":37}},"loc":{"start":{"line":84,"column":46},"end":{"line":90,"column":1}},"line":84}},"branchMap":{"0":{"loc":{"start":{"line":12,"column":2},"end":{"line":15,"column":3}},"type":"if","locations":[{"start":{"line":12,"column":2},"end":{"line":15,"column":3}},{"start":{},"end":{}}],"line":12},"1":{"loc":{"start":{"line":30,"column":9},"end":{"line":30,"column":47}},"type":"cond-expr","locations":[{"start":{"line":30,"column":27},"end":{"line":30,"column":40}},{"start":{"line":30,"column":43},"end":{"line":30,"column":47}}],"line":30},"2":{"loc":{"start":{"line":64,"column":4},"end":{"line":64,"column":24}},"type":"default-arg","locations":[{"start":{"line":64,"column":18},"end":{"line":64,"column":24}}],"line":64},"3":{"loc":{"start":{"line":67,"column":4},"end":{"line":67,"column":20}},"type":"default-arg","locations":[{"start":{"line":67,"column":16},"end":{"line":67,"column":20}}],"line":67},"4":{"loc":{"start":{"line":68,"column":4},"end":{"line":68,"column":18}},"type":"default-arg","locations":[{"start":{"line":68,"column":14},"end":{"line":68,"column":18}}],"line":68},"5":{"loc":{"start":{"line":75,"column":43},"end":{"line":75,"column":60}},"type":"cond-expr","locations":[{"start":{"line":75,"column":55},"end":{"line":75,"column":56}},{"start":{"line":75,"column":59},"end":{"line":75,"column":60}}],"line":75},"6":{"loc":{"start":{"line":75,"column":62},"end":{"line":75,"column":77}},"type":"cond-expr","locations":[{"start":{"line":75,"column":72},"end":{"line":75,"column":73}},{"start":{"line":75,"column":76},"end":{"line":75,"column":77}}],"line":75}},"s":{"0":2,"1":6,"2":1,"3":1,"4":6,"5":2,"6":2,"7":2,"8":2,"9":2,"10":2,"11":2,"12":2,"13":2,"14":2,"15":0,"16":0},"f":{"0":6,"1":2,"2":2,"3":2,"4":0},"b":{"0":[1,5],"1":[1,1],"2":[0],"3":[1],"4":[1],"5":[1,1],"6":[1,1]},"inputSourceMap":null,"_coverageSchema":"1a1c01bbd47fc00a2c39e90264f33305004495a9","hash":"c367e3bf5c371e34e762b25ff77ec56ee6d14b77"}
,"/root/work/whatsapp-assistant/bot/src/handlers/messageHandler.js": {"path":"/root/work/whatsapp-assistant/bot/src/handlers/messageHandler.js","statementMap":{"0":{"start":{"line":10,"column":12},"end":{"line":10,"column":23}},"1":{"start":{"line":11,"column":2},"end":{"line":11,"column":47}},"2":{"start":{"line":11,"column":10},"end":{"line":11,"column":47}},"3":{"start":{"line":13,"column":2},"end":{"line":13,"column":117}},"4":{"start":{"line":13,"column":44},"end":{"line":13,"column":117}},"5":{"start":{"line":14,"column":2},"end":{"line":14,"column":117}},"6":{"start":{"line":14,"column":44},"end":{"line":14,"column":117}},"7":{"start":{"line":15,"column":2},"end":{"line":15,"column":118}},"8":{"start":{"line":15,"column":44},"end":{"line":15,"column":118}},"9":{"start":{"line":16,"column":2},"end":{"line":16,"column":118}},"10":{"start":{"line":16,"column":44},"end":{"line":16,"column":118}},"11":{"start":{"line":17,"column":2},"end":{"line":17,"column":121}},"12":{"start":{"line":17,"column":44},"end":{"line":17,"column":121}},"13":{"start":{"line":18,"column":2},"end":{"line":18,"column":118}},"14":{"start":{"line":18,"column":44},"end":{"line":18,"column":118}},"15":{"start":{"line":19,"column":2},"end":{"line":19,"column":120}},"16":{"start":{"line":19,"column":44},"end":{"line":19,"column":120}},"17":{"start":{"line":20,"column":2},"end":{"line":20,"column":121}},"18":{"start":{"line":20,"column":44},"end":{"line":20,"column":121}},"19":{"start":{"line":21,"column":2},"end":{"line":21,"column":120}},"20":{"start":{"line":21,"column":44},"end":{"line":21,"column":120}},"21":{"start":{"line":22,"column":2},"end":{"line":22,"column":123}},"22":{"start":{"line":22,"column":44},"end":{"line":22,"column":123}},"23":{"start":{"line":24,"column":2},"end":{"line":24,"column":58}},"24":{"start":{"line":34,"column":2},"end":{"line":34,"column":29}},"25":{"start":{"line":34,"column":22},"end":{"line":34,"column":29}},"26":{"start":{"line":37,"column":2},"end":{"line":37,"column":27}},"27":{"start":{"line":37,"column":20},"end":{"line":37,"column":27}},"28":{"start":{"line":39,"column":24},"end":{"line":39,"column":41}},"29":{"start":{"line":40,"column":24},"end":{"line":40,"column":51}},"30":{"start":{"line":41,"column":24},"end":{"line":43,"column":46}},"31":{"start":{"line":44,"column":24},"end":{"line":44,"column":71}},"32":{"start":{"line":46,"column":51},"end":{"line":46,"column":77}},"33":{"start":{"line":48,"column":2},"end":{"line":48,"column":77}},"34":{"start":{"line":51,"column":71},"end":{"line":56,"column":4}},"35":{"start":{"line":59,"column":2},"end":{"line":71,"column":3}},"36":{"start":{"line":60,"column":4},"end":{"line":60,"column":80}},"37":{"start":{"line":61,"column":4},"end":{"line":69,"column":7}},"38":{"start":{"line":70,"column":4},"end":{"line":70,"column":11}},"39":{"start":{"line":74,"column":18},"end":{"line":74,"column":52}},"40":{"start":{"line":76,"column":19},"end":{"line":76,"column":24}},"41":{"start":{"line":77,"column":19},"end":{"line":77,"column":23}},"42":{"start":{"line":79,"column":2},"end":{"line":95,"column":3}},"43":{"start":{"line":80,"column":4},"end":{"line":80,"column":67}},"44":{"start":{"line":83,"column":18},"end":{"line":83,"column":54}},"45":{"start":{"line":84,"column":4},"end":{"line":84,"column":61}},"46":{"start":{"line":84,"column":33},"end":{"line":84,"column":59}},"47":{"start":{"line":86,"column":4},"end":{"line":92,"column":5}},"48":{"start":{"line":87,"column":6},"end":{"line":87,"column":61}},"49":{"start":{"line":88,"column":6},"end":{"line":88,"column":21}},"50":{"start":{"line":89,"column":6},"end":{"line":89,"column":62}},"51":{"start":{"line":91,"column":6},"end":{"line":91,"column":71}},"52":{"start":{"line":94,"column":4},"end":{"line":94,"column":98}},"53":{"start":{"line":98,"column":2},"end":{"line":106,"column":5}}},"fnMap":{"0":{"name":"extractMessageContent","decl":{"start":{"line":9,"column":16},"end":{"line":9,"column":37}},"loc":{"start":{"line":9,"column":43},"end":{"line":25,"column":1}},"line":9},"1":{"name":"handleIncomingMessage","decl":{"start":{"line":32,"column":22},"end":{"line":32,"column":43}},"loc":{"start":{"line":32,"column":55},"end":{"line":107,"column":1}},"line":32},"2":{"name":"(anonymous_2)","decl":{"start":{"line":84,"column":22},"end":{"line":84,"column":23}},"loc":{"start":{"line":84,"column":33},"end":{"line":84,"column":59}},"line":84}},"branchMap":{"0":{"loc":{"start":{"line":11,"column":2},"end":{"line":11,"column":47}},"type":"if","locations":[{"start":{"line":11,"column":2},"end":{"line":11,"column":47}},{"start":{},"end":{}}],"line":11},"1":{"loc":{"start":{"line":13,"column":2},"end":{"line":13,"column":117}},"type":"if","locations":[{"start":{"line":13,"column":2},"end":{"line":13,"column":117}},{"start":{},"end":{}}],"line":13},"2":{"loc":{"start":{"line":14,"column":2},"end":{"line":14,"column":117}},"type":"if","locations":[{"start":{"line":14,"column":2},"end":{"line":14,"column":117}},{"start":{},"end":{}}],"line":14},"3":{"loc":{"start":{"line":15,"column":2},"end":{"line":15,"column":118}},"type":"if","locations":[{"start":{"line":15,"column":2},"end":{"line":15,"column":118}},{"start":{},"end":{}}],"line":15},"4":{"loc":{"start":{"line":16,"column":2},"end":{"line":16,"column":118}},"type":"if","locations":[{"start":{"line":16,"column":2},"end":{"line":16,"column":118}},{"start":{},"end":{}}],"line":16},"5":{"loc":{"start":{"line":17,"column":2},"end":{"line":17,"column":121}},"type":"if","locations":[{"start":{"line":17,"column":2},"end":{"line":17,"column":121}},{"start":{},"end":{}}],"line":17},"6":{"loc":{"start":{"line":18,"column":2},"end":{"line":18,"column":118}},"type":"if","locations":[{"start":{"line":18,"column":2},"end":{"line":18,"column":118}},{"start":{},"end":{}}],"line":18},"7":{"loc":{"start":{"line":19,"column":2},"end":{"line":19,"column":120}},"type":"if","locations":[{"start":{"line":19,"column":2},"end":{"line":19,"column":120}},{"start":{},"end":{}}],"line":19},"8":{"loc":{"start":{"line":20,"column":2},"end":{"line":20,"column":121}},"type":"if","locations":[{"start":{"line":20,"column":2},"end":{"line":20,"column":121}},{"start":{},"end":{}}],"line":20},"9":{"loc":{"start":{"line":21,"column":2},"end":{"line":21,"column":120}},"type":"if","locations":[{"start":{"line":21,"column":2},"end":{"line":21,"column":120}},{"start":{},"end":{}}],"line":21},"10":{"loc":{"start":{"line":22,"column":2},"end":{"line":22,"column":123}},"type":"if","locations":[{"start":{"line":22,"column":2},"end":{"line":22,"column":123}},{"start":{},"end":{}}],"line":22},"11":{"loc":{"start":{"line":22,"column":71},"end":{"line":22,"column":99}},"type":"binary-expr","locations":[{"start":{"line":22,"column":71},"end":{"line":22,"column":93}},{"start":{"line":22,"column":97},"end":{"line":22,"column":99}}],"line":22},"12":{"loc":{"start":{"line":34,"column":2},"end":{"line":34,"column":29}},"type":"if","locations":[{"start":{"line":34,"column":2},"end":{"line":34,"column":29}},{"start":{},"end":{}}],"line":34},"13":{"loc":{"start":{"line":37,"column":2},"end":{"line":37,"column":27}},"type":"if","locations":[{"start":{"line":37,"column":2},"end":{"line":37,"column":27}},{"start":{},"end":{}}],"line":37},"14":{"loc":{"start":{"line":41,"column":24},"end":{"line":43,"column":46}},"type":"cond-expr","locations":[{"start":{"line":42,"column":6},"end":{"line":42,"column":64}},{"start":{"line":43,"column":6},"end":{"line":43,"column":46}}],"line":41},"15":{"loc":{"start":{"line":42,"column":7},"end":{"line":42,"column":32}},"type":"binary-expr","locations":[{"start":{"line":42,"column":7},"end":{"line":42,"column":26}},{"start":{"line":42,"column":30},"end":{"line":42,"column":32}}],"line":42},"16":{"loc":{"start":{"line":44,"column":24},"end":{"line":44,"column":71}},"type":"cond-expr","locations":[{"start":{"line":44,"column":34},"end":{"line":44,"column":64}},{"start":{"line":44,"column":67},"end":{"line":44,"column":71}}],"line":44},"17":{"loc":{"start":{"line":59,"column":2},"end":{"line":71,"column":3}},"type":"if","locations":[{"start":{"line":59,"column":2},"end":{"line":71,"column":3}},{"start":{},"end":{}}],"line":59},"18":{"loc":{"start":{"line":59,"column":6},"end":{"line":59,"column":40}},"type":"binary-expr","locations":[{"start":{"line":59,"column":6},"end":{"line":59,"column":13}},{"start":{"line":59,"column":17},"end":{"line":59,"column":40}}],"line":59},"19":{"loc":{"start":{"line":79,"column":2},"end":{"line":95,"column":3}},"type":"if","locations":[{"start":{"line":79,"column":2},"end":{"line":95,"column":3}},{"start":{"line":93,"column":9},"end":{"line":95,"column":3}}],"line":79},"20":{"loc":{"start":{"line":79,"column":6},"end":{"line":79,"column":44}},"type":"binary-expr","locations":[{"start":{"line":79,"column":6},"end":{"line":79,"column":13}},{"start":{"line":79,"column":17},"end":{"line":79,"column":44}}],"line":79},"21":{"loc":{"start":{"line":80,"column":16},"end":{"line":80,"column":66}},"type":"binary-expr","locations":[{"start":{"line":80,"column":16},"end":{"line":80,"column":28}},{"start":{"line":80,"column":32},"end":{"line":80,"column":66}}],"line":80},"22":{"loc":{"start":{"line":83,"column":27},"end":{"line":83,"column":49}},"type":"binary-expr","locations":[{"start":{"line":83,"column":27},"end":{"line":83,"column":39}},{"start":{"line":83,"column":43},"end":{"line":83,"column":49}}],"line":83}},"s":{"0":15,"1":15,"2":1,"3":14,"4":5,"5":9,"6":1,"7":8,"8":1,"9":7,"10":1,"11":6,"12":0,"13":6,"14":1,"15":5,"16":1,"17":4,"18":1,"19":3,"20":1,"21":2,"22":1,"23":1,"24":6,"25":1,"26":5,"27":1,"28":4,"29":4,"30":4,"31":4,"32":4,"33":4,"34":4,"35":4,"36":1,"37":1,"38":1,"39":3,"40":3,"41":3,"42":3,"43":2,"44":2,"45":2,"46":2,"47":2,"48":2,"49":1,"50":1,"51":1,"52":1,"53":3},"f":{"0":15,"1":6,"2":2},"b":{"0":[1,14],"1":[5,9],"2":[1,8],"3":[1,7],"4":[1,6],"5":[0,6],"6":[1,5],"7":[1,4],"8":[1,3],"9":[1,2],"10":[1,1],"11":[1,0],"12":[1,5],"13":[1,4],"14":[1,3],"15":[1,0],"16":[1,3],"17":[1,3],"18":[4,1],"19":[2,1],"20":[3,2],"21":[2,0],"22":[2,0]},"inputSourceMap":null,"_coverageSchema":"1a1c01bbd47fc00a2c39e90264f33305004495a9","hash":"ea02b9281e9c50a7a41fa0c08d0aa94560fecd40"}
,"/root/work/whatsapp-assistant/bot/src/utils/logger.js": {"path":"/root/work/whatsapp-assistant/bot/src/utils/logger.js","statementMap":{"0":{"start":{"line":4,"column":22},"end":{"line":9,"column":2}}},"fnMap":{},"branchMap":{"0":{"loc":{"start":{"line":6,"column":13},"end":{"line":8,"column":15}},"type":"cond-expr","locations":[{"start":{"line":7,"column":6},"end":{"line":7,"column":60}},{"start":{"line":8,"column":6},"end":{"line":8,"column":15}}],"line":6}},"s":{"0":2},"f":{},"b":{"0":[2,0]},"inputSourceMap":null,"_coverageSchema":"1a1c01bbd47fc00a2c39e90264f33305004495a9","hash":"45aac1bed94eca1f0a7a13438fa14373dddf848c"}
}
