TN:
SF:src/config.js
FNF:0
FNH:0
DA:3,3
LF:1
LH:1
BRDA:5,0,0,3
BRDA:5,0,1,0
BRDA:6,1,0,3
BRDA:6,1,1,0
BRDA:7,2,0,3
BRDA:7,2,1,0
BRDA:8,3,0,3
BRDA:8,3,1,0
BRDA:9,4,0,3
BRDA:9,4,1,0
BRDA:16,5,0,3
BRDA:16,5,1,0
BRDA:18,6,0,3
BRDA:18,6,1,0
BRDA:20,7,0,3
BRDA:20,7,1,0
BRF:16
BRH:8
end_of_record
TN:
SF:src/db.js
FN:11,getPool
FN:24,getSetting
FN:38,isAllowedNumber
FN:59,saveMessageLog
FN:84,updateBotStatus
FNF:5
FNH:4
FNDA:6,getPool
FNDA:2,getSetting
FNDA:2,isAllowedNumber
FNDA:2,saveMessageLog
FNDA:0,updateBotStatus
DA:5,2
DA:12,6
DA:13,1
DA:14,1
DA:16,6
DA:25,2
DA:26,2
DA:30,2
DA:39,2
DA:40,2
DA:44,2
DA:60,2
DA:69,2
DA:71,2
DA:77,2
DA:85,0
DA:86,0
LF:17
LH:15
BRDA:12,0,0,1
BRDA:12,0,1,5
BRDA:30,1,0,1
BRDA:30,1,1,1
BRDA:64,2,0,0
BRDA:67,3,0,1
BRDA:68,4,0,1
BRDA:75,5,0,1
BRDA:75,5,1,1
BRDA:75,6,0,1
BRDA:75,6,1,1
BRF:11
BRH:10
end_of_record
TN:
SF:src/handlers/messageHandler.js
FN:9,extractMessageContent
FN:32,handleIncomingMessage
FN:84,(anonymous_2)
FNF:3
FNH:3
FNDA:15,extractMessageContent
FNDA:6,handleIncomingMessage
FNDA:2,(anonymous_2)
DA:10,15
DA:11,15
DA:13,14
DA:14,9
DA:15,8
DA:16,7
DA:17,6
DA:18,6
DA:19,5
DA:20,4
DA:21,3
DA:22,2
DA:24,1
DA:34,6
DA:37,5
DA:39,4
DA:40,4
DA:41,4
DA:44,4
DA:46,4
DA:48,4
DA:51,4
DA:59,4
DA:60,1
DA:61,1
DA:70,1
DA:74,3
DA:76,3
DA:77,3
DA:79,3
DA:80,2
DA:83,2
DA:84,2
DA:86,2
DA:87,2
DA:88,1
DA:89,1
DA:91,1
DA:94,1
DA:98,3
LF:40
LH:40
BRDA:11,0,0,1
BRDA:11,0,1,14
BRDA:13,1,0,5
BRDA:13,1,1,9
BRDA:14,2,0,1
BRDA:14,2,1,8
BRDA:15,3,0,1
BRDA:15,3,1,7
BRDA:16,4,0,1
BRDA:16,4,1,6
BRDA:17,5,0,0
BRDA:17,5,1,6
BRDA:18,6,0,1
BRDA:18,6,1,5
BRDA:19,7,0,1
BRDA:19,7,1,4
BRDA:20,8,0,1
BRDA:20,8,1,3
BRDA:21,9,0,1
BRDA:21,9,1,2
BRDA:22,10,0,1
BRDA:22,10,1,1
BRDA:22,11,0,1
BRDA:22,11,1,0
BRDA:34,12,0,1
BRDA:34,12,1,5
BRDA:37,13,0,1
BRDA:37,13,1,4
BRDA:41,14,0,1
BRDA:41,14,1,3
BRDA:42,15,0,1
BRDA:42,15,1,0
BRDA:44,16,0,1
BRDA:44,16,1,3
BRDA:59,17,0,1
BRDA:59,17,1,3
BRDA:59,18,0,4
BRDA:59,18,1,1
BRDA:79,19,0,2
BRDA:79,19,1,1
BRDA:79,20,0,3
BRDA:79,20,1,2
BRDA:80,21,0,2
BRDA:80,21,1,0
BRDA:83,22,0,2
BRDA:83,22,1,0
BRF:46
BRH:41
end_of_record
TN:
SF:src/utils/logger.js
FNF:0
FNH:0
DA:4,2
LF:1
LH:1
BRDA:6,0,0,2
BRDA:6,0,1,0
BRF:2
BRH:1
end_of_record
